Requested on: Tue Nov 03 2015 10:04:32 GMT-0800 (PST)
GET / HTTP/1.1
Host: localhost:3000
Accept-Encoding: gzip, deflate
User-Agent: node-superagent/1.4.0
Connection: close

Requested on: Tue Nov 03 2015 10:04:43 GMT-0800 (PST)
GET / HTTP/1.1
Host: localhost:3000
Accept-Encoding: gzip, deflate
User-Agent: node-superagent/1.4.0
Connection: close

Requested on: Tue Nov 03 2015 10:05:42 GMT-0800 (PST)
GET / HTTP/1.1
Host: localhost:3000
Accept-Encoding: gzip, deflate
User-Agent: node-superagent/1.4.0
Connection: close

Requested on: Tue Nov 03 2015 10:07:07 GMT-0800 (PST)
GET / HTTP/1.1
Host: localhost:3000
Accept-Encoding: gzip, deflate
User-Agent: node-superagent/1.4.0
Connection: close

Requested on: Tue Nov 03 2015 10:10:31 GMT-0800 (PST)
GET / HTTP/1.1
Host: localhost:3000
Accept-Encoding: gzip, deflate
User-Agent: node-superagent/1.4.0
Connection: close

Requested on: Tue Nov 03 2015 10:11:03 GMT-0800 (PST)
GET / HTTP/1.1
Host: localhost:3000
Accept-Encoding: gzip, deflate
User-Agent: node-superagent/1.4.0
Connection: close

Requested on: Tue Nov 03 2015 10:12:40 GMT-0800 (PST)
GET / HTTP/1.1
Host: localhost:3000
Accept-Encoding: gzip, deflate
User-Agent: node-superagent/1.4.0
Connection: close

Requested on: Tue Nov 03 2015 10:13:23 GMT-0800 (PST)
GET / HTTP/1.1
Host: localhost:3000
Accept-Encoding: gzip, deflate
User-Agent: node-superagent/1.4.0
Connection: close

Requested on: Tue Nov 03 2015 10:18:54 GMT-0800 (PST)
GET / HTTP/1.1
Host: localhost:3000
Accept-Encoding: gzip, deflate
User-Agent: node-superagent/1.4.0
Connection: close

Requested on: Tue Nov 03 2015 10:23:48 GMT-0800 (PST)
GET / HTTP/1.1
Host: localhost:3000
Accept-Encoding: gzip, deflate
User-Agent: node-superagent/1.4.0
Connection: close

Requested on: Tue Nov 03 2015 10:25:00 GMT-0800 (PST)
GET / HTTP/1.1
Host: localhost:3000
Accept-Encoding: gzip, deflate
User-Agent: node-superagent/1.4.0
Connection: close

Requested on: Tue Nov 03 2015 10:25:19 GMT-0800 (PST)
GET / HTTP/1.1
Host: localhost:3000
Accept-Encoding: gzip, deflate
User-Agent: node-superagent/1.4.0
Connection: close

Requested on: Tue Nov 03 2015 10:39:59 GMT-0800 (PST)
GET / HTTP/1.1
Host: localhost:3000
Accept-Encoding: gzip, deflate
User-Agent: node-superagent/1.4.0
Connection: close

Requested on: Tue Nov 03 2015 10:40:14 GMT-0800 (PST)
GET / HTTP/1.1
Host: localhost:3000
Accept-Encoding: gzip, deflate
User-Agent: node-superagent/1.4.0
Connection: close

Requested on: Tue Nov 03 2015 10:40:40 GMT-0800 (PST)
GET / HTTP/1.1
Host: localhost:3000
Accept-Encoding: gzip, deflate
User-Agent: node-superagent/1.4.0
Connection: close

Requested on: Tue Nov 03 2015 10:40:44 GMT-0800 (PST)
GET / HTTP/1.1
Host: localhost:3000
Accept-Encoding: gzip, deflate
User-Agent: node-superagent/1.4.0
Connection: close

Requested on: Tue Nov 03 2015 10:40:59 GMT-0800 (PST)
GET / HTTP/1.1
Host: localhost:3000
Accept-Encoding: gzip, deflate
User-Agent: node-superagent/1.4.0
Connection: close

Requested on: Tue Nov 03 2015 10:41:33 GMT-0800 (PST)
GET / HTTP/1.1
Host: localhost:3000
Accept-Encoding: gzip, deflate
User-Agent: node-superagent/1.4.0
Connection: close

Requested on: Tue Nov 03 2015 10:42:33 GMT-0800 (PST)
GET / HTTP/1.1
Host: localhost:3000
Accept-Encoding: gzip, deflate
User-Agent: node-superagent/1.4.0
Connection: close

Requested on: Tue Nov 03 2015 10:43:17 GMT-0800 (PST)
GET / HTTP/1.1
Host: localhost:3000
Accept-Encoding: gzip, deflate
User-Agent: node-superagent/1.4.0
Connection: close

Requested on: Tue Nov 03 2015 10:43:45 GMT-0800 (PST)
GET / HTTP/1.1
Host: localhost:3000
Accept-Encoding: gzip, deflate
User-Agent: node-superagent/1.4.0
Connection: close

Requested on: Tue Nov 03 2015 10:43:51 GMT-0800 (PST)
GET / HTTP/1.1
Host: localhost:3000
Accept-Encoding: gzip, deflate
User-Agent: node-superagent/1.4.0
Connection: close

Requested on: Tue Nov 03 2015 10:44:25 GMT-0800 (PST)
GET / HTTP/1.1
Host: localhost:3000
Accept-Encoding: gzip, deflate
User-Agent: node-superagent/1.4.0
Connection: close

Requested on: Tue Nov 03 2015 10:44:40 GMT-0800 (PST)
GET / HTTP/1.1
Host: localhost:3000
Accept-Encoding: gzip, deflate
User-Agent: node-superagent/1.4.0
Connection: close

Requested on: Tue Nov 03 2015 10:44:44 GMT-0800 (PST)
GET / HTTP/1.1
Host: localhost:3000
Accept-Encoding: gzip, deflate
User-Agent: node-superagent/1.4.0
Connection: close

Requested on: Tue Nov 03 2015 10:44:56 GMT-0800 (PST)
GET / HTTP/1.1
Host: localhost:3000
Accept-Encoding: gzip, deflate
User-Agent: node-superagent/1.4.0
Connection: close

Requested on: Tue Nov 03 2015 10:45:45 GMT-0800 (PST)
GET / HTTP/1.1
Host: localhost:3000
Accept-Encoding: gzip, deflate
User-Agent: node-superagent/1.4.0
Connection: close

Requested on: Tue Nov 03 2015 10:47:21 GMT-0800 (PST)
GET / HTTP/1.1
Host: localhost:3000
Accept-Encoding: gzip, deflate
User-Agent: node-superagent/1.4.0
Connection: close

Requested on: Tue Nov 03 2015 10:47:24 GMT-0800 (PST)
GET / HTTP/1.1
Host: localhost:3000
Accept-Encoding: gzip, deflate
User-Agent: node-superagent/1.4.0
Connection: close

