0 info it worked if it ends with ok
1 verbose cli [ '/Users/tinaojha/.node/bin/node',
1 verbose cli   '/Users/tinaojha/.node/bin/npm',
1 verbose cli   'install',
1 verbose cli   'httpmocha' ]
2 info using npm@2.11.3
3 info using node@v0.12.7
4 verbose install initial load of /Users/tinaojha/Projects/Javascript/DA-Javascript/create_a_tcp_server/tina_sharma/package.json
5 warn package.json create_a_tcp_server@0.1.0 No README data
6 verbose readDependencies loading dependencies from /Users/tinaojha/Projects/Javascript/DA-Javascript/create_a_tcp_server/tina_sharma/package.json
7 silly cache add args [ 'httpmocha', null ]
8 verbose cache add spec httpmocha
9 silly cache add parsed spec { raw: 'httpmocha',
9 silly cache add   scope: null,
9 silly cache add   name: 'httpmocha',
9 silly cache add   rawSpec: '',
9 silly cache add   spec: '*',
9 silly cache add   type: 'range' }
10 silly addNamed httpmocha@*
11 verbose addNamed "*" is a valid semver range for httpmocha
12 silly addNameRange { name: 'httpmocha', range: '*', hasData: false }
13 silly mapToRegistry name httpmocha
14 silly mapToRegistry using default registry
15 silly mapToRegistry registry https://registry.npmjs.org/
16 silly mapToRegistry uri https://registry.npmjs.org/httpmocha
17 verbose addNameRange registry:https://registry.npmjs.org/httpmocha not in flight; fetching
18 verbose request uri https://registry.npmjs.org/httpmocha
19 verbose request no auth needed
20 info attempt registry request try #1 at 11:03:06
21 verbose request id 58171e9176e9004e
22 http request GET https://registry.npmjs.org/httpmocha
23 http 404 https://registry.npmjs.org/httpmocha
24 verbose headers { 'content-type': 'application/json',
24 verbose headers   'cache-control': 'max-age=0',
24 verbose headers   'content-length': '2',
24 verbose headers   'accept-ranges': 'bytes',
24 verbose headers   date: 'Tue, 03 Nov 2015 19:03:06 GMT',
24 verbose headers   via: '1.1 varnish',
24 verbose headers   age: '0',
24 verbose headers   connection: 'keep-alive',
24 verbose headers   'x-served-by': 'cache-lax1428-LAX',
24 verbose headers   'x-cache': 'MISS',
24 verbose headers   'x-cache-hits': '0',
24 verbose headers   'x-timer': 'S1446577386.760017,VS0,VE47' }
25 silly get cb [ 404,
25 silly get   { 'content-type': 'application/json',
25 silly get     'cache-control': 'max-age=0',
25 silly get     'content-length': '2',
25 silly get     'accept-ranges': 'bytes',
25 silly get     date: 'Tue, 03 Nov 2015 19:03:06 GMT',
25 silly get     via: '1.1 varnish',
25 silly get     age: '0',
25 silly get     connection: 'keep-alive',
25 silly get     'x-served-by': 'cache-lax1428-LAX',
25 silly get     'x-cache': 'MISS',
25 silly get     'x-cache-hits': '0',
25 silly get     'x-timer': 'S1446577386.760017,VS0,VE47' } ]
26 verbose stack Error: Registry returned 404 for GET on https://registry.npmjs.org/httpmocha
26 verbose stack     at CachingRegistryClient.<anonymous> (/Users/tinaojha/.node/lib/node_modules/npm/node_modules/npm-registry-client/lib/request.js:239:14)
26 verbose stack     at Request._callback (/Users/tinaojha/.node/lib/node_modules/npm/node_modules/npm-registry-client/lib/request.js:170:14)
26 verbose stack     at Request.self.callback (/Users/tinaojha/.node/lib/node_modules/npm/node_modules/request/request.js:354:22)
26 verbose stack     at Request.emit (events.js:110:17)
26 verbose stack     at Request.<anonymous> (/Users/tinaojha/.node/lib/node_modules/npm/node_modules/request/request.js:1207:14)
26 verbose stack     at Request.emit (events.js:129:20)
26 verbose stack     at IncomingMessage.<anonymous> (/Users/tinaojha/.node/lib/node_modules/npm/node_modules/request/request.js:1153:12)
26 verbose stack     at IncomingMessage.emit (events.js:129:20)
26 verbose stack     at _stream_readable.js:908:16
26 verbose stack     at process._tickCallback (node.js:355:11)
27 verbose statusCode 404
28 verbose pkgid httpmocha
29 verbose cwd /Users/tinaojha/Projects/Javascript/DA-Javascript/create_a_tcp_server/tina_sharma
30 error Darwin 14.5.0
31 error argv "/Users/tinaojha/.node/bin/node" "/Users/tinaojha/.node/bin/npm" "install" "httpmocha"
32 error node v0.12.7
33 error npm  v2.11.3
34 error code E404
35 error 404 Registry returned 404 for GET on https://registry.npmjs.org/httpmocha
35 error 404
35 error 404 'httpmocha' is not in the npm registry.
35 error 404 You should bug the author to publish it (or use the name yourself!)
35 error 404 It was specified as a dependency of 'create_a_tcp_server'
35 error 404
35 error 404 Note that you can also install from a
35 error 404 tarball, folder, http url, or git url.
36 verbose exit [ 1, true ]
